**********************
Windows PowerShell transcript start
Start time: 20241120201917
Username: WORKGROUP\SYSTEM
RunAs User: WORKGROUP\SYSTEM
Configuration Name: 
Machine: DTC-12942 (Microsoft Windows NT 10.0.22621.0)
Host Application: C:\Windows\System32\WindowsPowerShell\v1.0\powershell.exe -executionpolicy bypass -WindowStyle Hidden -file C:\ProgramData\IntuneMigration\MiddleBoot.ps1
Process ID: 1580
PSVersion: 5.1.22621.4249
PSEdition: Desktop
PSCompatibleVersions: 1.0, 2.0, 3.0, 4.0, 5.0, 5.1.22621.4249
BuildVersion: 10.0.22621.4249
CLRVersion: 4.0.30319.42000
WSManStackVersion: 3.0
PSRemotingProtocolVersion: 2.3
SerializationVersion: 1.1.0.1
**********************
Transcript started, output file is C:\ProgramData\IntuneMigration\post-migration.log
Getting Tenant A user profile name
Current user directory name is C:\Users\Test2
Renaming path C:\Users\Test2 to C:\Users\OLD_Test2

TaskPath                                       TaskName                          State
--------                                       --------                          -----
\                                              MiddleBoot                        Running
Disabled MiddleBoot scheduled task

**********************
Windows PowerShell transcript end
End time: 20241120201936
**********************
