**********************
Windows PowerShell transcript start
Start time: 20241108121221
Username: DTC-30953\DTC
RunAs User: DTC-30953\DTC
Configuration Name: 
Machine: DTC-30953 (Microsoft Windows NT 10.0.26100.0)
Host Application: C:\Windows\System32\WindowsPowerShell\v1.0\powershell.exe
Process ID: 9328
PSVersion: 5.1.26100.1882
PSEdition: Desktop
PSCompatibleVersions: 1.0, 2.0, 3.0, 4.0, 5.0, 5.1.26100.1882
BuildVersion: 10.0.26100.1882
CLRVersion: 4.0.30319.42000
WSManStackVersion: 3.0
PSRemotingProtocolVersion: 2.3
SerializationVersion: 1.1.0.1
**********************
Transcript started, output file is C:\ProgramData\IntuneMigration\post-migration.log
Getting Tenant A user profile name
Current user directory name is C:\Users\Test2
Path C:\Users\Test2 not found

TaskPath                                       TaskName                          State
--------                                       --------                          -----
\                                              MiddleBoot                        Disabled
Disabled MiddleBoot scheduled task

**********************
Windows PowerShell transcript end
End time: 20241108121225
**********************
